<?xml version="1.0" encoding="UTF-8"?>
<!-- Generated by org.testng.reporters.JUnitReportReporter -->
<testsuite skipped="0" hostname="vikram3665-01" name="WeatherPackage.WeatherProj.TempHumidCompare" tests="1" failures="0" timestamp="26 Jul 2020 20:01:45 GMT" time="4.120" errors="0">
  <testcase name="compare" time="4.120" classname="WeatherPackage.WeatherProj.TempHumidCompare"/>
</testsuite> <!-- WeatherPackage.WeatherProj.TempHumidCompare -->
