<?xml version="1.0" encoding="UTF-8"?>
<!-- Generated by org.testng.reporters.JUnitReportReporter -->
<testsuite skipped="0" hostname="vikram3665-01" name="WeatherPackage.WeatherProj.Ndtv" tests="2" failures="0" timestamp="26 Jul 2020 20:01:45 GMT" time="32.901" errors="0">
  <testcase name="driver" time="6.114" classname="WeatherPackage.WeatherProj.Ndtv"/>
  <testcase name="homepage" time="26.787" classname="WeatherPackage.WeatherProj.Ndtv"/>
</testsuite> <!-- WeatherPackage.WeatherProj.Ndtv -->
