<?xml version="1.0" encoding="UTF-8"?>
<!-- Generated by org.testng.reporters.JUnitReportReporter -->
<testsuite skipped="0" hostname="vikram3665-01" name="WeatherPackage.WeatherProj.TheCompare" tests="1" failures="0" timestamp="22 Jul 2020 21:42:16 GMT" time="0.000" errors="0">
  <testcase name="comparator" time="0.000" classname="WeatherPackage.WeatherProj.TheCompare"/>
</testsuite> <!-- WeatherPackage.WeatherProj.TheCompare -->
