<?xml version="1.0" encoding="UTF-8"?>
<!-- Generated by org.testng.reporters.JUnitReportReporter -->
<testsuite skipped="0" hostname="vikram3665-01" name="WeatherPackage.WeatherProj.googleAPI" tests="1" failures="0" timestamp="22 Jul 2020 09:31:05 GMT" time="2.734" errors="0">
  <testcase name="myapigoogle" time="2.734" classname="WeatherPackage.WeatherProj.googleAPI"/>
</testsuite> <!-- WeatherPackage.WeatherProj.googleAPI -->
