<?xml version="1.0" encoding="UTF-8"?>
<!-- Generated by org.testng.reporters.JUnitReportReporter -->
<testsuite skipped="0" hostname="vikram3665-01" name="WeatherPackage.WeatherProj.OpenWeatherApi" tests="2" failures="0" timestamp="23 Jul 2020 06:55:14 GMT" time="3.291" errors="0">
  <testcase name="WeatherApiTempmethod" time="0.358" classname="WeatherPackage.WeatherProj.OpenWeatherApi"/>
  <testcase name="WeatherApiHumidmethod" time="2.933" classname="WeatherPackage.WeatherProj.OpenWeatherApi"/>
</testsuite> <!-- WeatherPackage.WeatherProj.OpenWeatherApi -->
