<?xml version="1.0" encoding="UTF-8"?>
<!-- Generated by org.testng.reporters.JUnitReportReporter -->
<testsuite skipped="0" hostname="vikram3665-01" name="WebFE.WebFEAuto.Laptop" tests="3" failures="0" timestamp="17 Nov 2020 20:21:48 GMT" time="29.644" errors="0">
  <testcase name="driver" time="6.644" classname="WebFE.WebFEAuto.Laptop"/>
  <testcase name="homepage" time="22.998" classname="WebFE.WebFEAuto.Laptop"/>
  <testcase name="compare" time="0.002" classname="WebFE.WebFEAuto.Laptop"/>
</testsuite> <!-- WebFE.WebFEAuto.Laptop -->
